<?xml version="1.0" encoding="UTF-8"?>
<testng-results ignored="0" total="1" passed="1" failed="0" skipped="0">
  <reporter-output>
  </reporter-output>
  <suite started-at="2024-05-30T15:53:04 IST" name="Default suite" finished-at="2024-05-30T15:53:33 IST" duration-ms="28729">
    <groups>
    </groups>
    <test started-at="2024-05-30T15:53:04 IST" name="Default test" finished-at="2024-05-30T15:53:33 IST" duration-ms="28729">
      <class name="Begining.Scroll_OnMobileWebPage">
        <test-method signature="scroll()[pri:0, instance:Begining.Scroll_OnMobileWebPage@4c402120]" started-at="2024-05-30T15:53:04 IST" name="scroll" finished-at="2024-05-30T15:53:33 IST" duration-ms="28661" status="PASS">
          <reporter-output>
          </reporter-output>
        </test-method> <!-- scroll -->
      </class> <!-- Begining.Scroll_OnMobileWebPage -->
    </test> <!-- Default test -->
  </suite> <!-- Default suite -->
</testng-results>
